<?xml version="1.0" encoding="UTF-8"?>
<testng-results ignored="0" total="4" passed="4" failed="0" skipped="0">
  <reporter-output>
  </reporter-output>
  <suite started-at="2024-04-29T11:05:47 IST" name="PetSuite" finished-at="2024-04-29T11:05:56 IST" duration-ms="9133">
    <groups>
    </groups>
    <test started-at="2024-04-29T11:05:47 IST" name="PetTest" finished-at="2024-04-29T11:05:56 IST" duration-ms="9133">
      <class name="api.test.UserTest2">
        <test-method is-config="true" signature="setData()[pri:0, instance:api.test.UserTest2@59fd97a8]" started-at="2024-04-29T11:05:47 IST" name="setData" finished-at="2024-04-29T11:05:48 IST" duration-ms="604" status="PASS">
          <reporter-output>
          </reporter-output>
        </test-method> <!-- setData -->
        <test-method signature="testPostUser()[pri:1, instance:api.test.UserTest2@59fd97a8]" started-at="2024-04-29T11:05:48 IST" name="testPostUser" finished-at="2024-04-29T11:05:51 IST" duration-ms="3029" status="PASS">
          <reporter-output>
          </reporter-output>
        </test-method> <!-- testPostUser -->
        <test-method signature="testGetUserByName()[pri:2, instance:api.test.UserTest2@59fd97a8]" started-at="2024-04-29T11:05:51 IST" name="testGetUserByName" finished-at="2024-04-29T11:05:52 IST" duration-ms="1288" status="PASS">
          <reporter-output>
          </reporter-output>
        </test-method> <!-- testGetUserByName -->
        <test-method signature="testUpdateUserByName()[pri:3, instance:api.test.UserTest2@59fd97a8]" started-at="2024-04-29T11:05:52 IST" name="testUpdateUserByName" finished-at="2024-04-29T11:05:55 IST" duration-ms="2678" status="PASS">
          <reporter-output>
          </reporter-output>
        </test-method> <!-- testUpdateUserByName -->
        <test-method signature="testDeleteUserByName()[pri:4, instance:api.test.UserTest2@59fd97a8]" started-at="2024-04-29T11:05:55 IST" name="testDeleteUserByName" finished-at="2024-04-29T11:05:56 IST" duration-ms="1339" status="PASS">
          <reporter-output>
          </reporter-output>
        </test-method> <!-- testDeleteUserByName -->
      </class> <!-- api.test.UserTest2 -->
    </test> <!-- PetTest -->
  </suite> <!-- PetSuite -->
</testng-results>
