<?xml version="1.0" encoding="UTF-8"?>
<testng-results ignored="0" total="4" passed="4" failed="0" skipped="0">
  <reporter-output>
  </reporter-output>
  <suite started-at="2024-04-26T19:20:32 IST" name="PetSuite" finished-at="2024-04-26T19:20:42 IST" duration-ms="10377">
    <groups>
    </groups>
    <test started-at="2024-04-26T19:20:32 IST" name="PetTest" finished-at="2024-04-26T19:20:42 IST" duration-ms="10377">
      <class name="api.test.UserTest2">
        <test-method is-config="true" signature="setData()[pri:0, instance:api.test.UserTest2@7cc0cdad]" started-at="2024-04-26T19:20:32 IST" name="setData" finished-at="2024-04-26T19:20:33 IST" duration-ms="743" status="PASS">
          <reporter-output>
          </reporter-output>
        </test-method> <!-- setData -->
        <test-method signature="testPostUser()[pri:1, instance:api.test.UserTest2@7cc0cdad]" started-at="2024-04-26T19:20:33 IST" name="testPostUser" finished-at="2024-04-26T19:20:36 IST" duration-ms="3800" status="PASS">
          <reporter-output>
          </reporter-output>
        </test-method> <!-- testPostUser -->
        <test-method signature="testGetUserByName()[pri:2, instance:api.test.UserTest2@7cc0cdad]" started-at="2024-04-26T19:20:36 IST" name="testGetUserByName" finished-at="2024-04-26T19:20:38 IST" duration-ms="1642" status="PASS">
          <reporter-output>
          </reporter-output>
        </test-method> <!-- testGetUserByName -->
        <test-method signature="testUpdateUserByName()[pri:3, instance:api.test.UserTest2@7cc0cdad]" started-at="2024-04-26T19:20:38 IST" name="testUpdateUserByName" finished-at="2024-04-26T19:20:41 IST" duration-ms="2609" status="PASS">
          <reporter-output>
          </reporter-output>
        </test-method> <!-- testUpdateUserByName -->
        <test-method signature="testDeleteUserByName()[pri:4, instance:api.test.UserTest2@7cc0cdad]" started-at="2024-04-26T19:20:41 IST" name="testDeleteUserByName" finished-at="2024-04-26T19:20:42 IST" duration-ms="1314" status="PASS">
          <reporter-output>
          </reporter-output>
        </test-method> <!-- testDeleteUserByName -->
      </class> <!-- api.test.UserTest2 -->
    </test> <!-- PetTest -->
  </suite> <!-- PetSuite -->
</testng-results>
