<?xml version="1.0" encoding="UTF-8"?>
<!-- Generated by org.testng.reporters.JUnitXMLReporter -->
<testsuite ignored="0" hostname="DESKTOP-651GR1T" failures="0" tests="4" name="PetTest" time="9.133" errors="0" timestamp="2024-04-29T11:05:56 IST">
  <testcase classname="api.test.UserTest2" name="testPostUser" time="3.029"/>
  <testcase classname="api.test.UserTest2" name="testGetUserByName" time="1.288"/>
  <testcase classname="api.test.UserTest2" name="testUpdateUserByName" time="2.678"/>
  <testcase classname="api.test.UserTest2" name="testDeleteUserByName" time="1.339"/>
</testsuite> <!-- PetTest -->
