<?xml version="1.0" encoding="UTF-8"?>
<!-- Generated by org.testng.reporters.JUnitXMLReporter -->
<testsuite ignored="0" hostname="DESKTOP-651GR1T" failures="0" tests="4" name="PetTest" time="10.377" errors="0" timestamp="2024-04-26T19:20:42 IST">
  <testcase classname="api.test.UserTest2" name="testPostUser" time="3.8"/>
  <testcase classname="api.test.UserTest2" name="testGetUserByName" time="1.642"/>
  <testcase classname="api.test.UserTest2" name="testUpdateUserByName" time="2.609"/>
  <testcase classname="api.test.UserTest2" name="testDeleteUserByName" time="1.314"/>
</testsuite> <!-- PetTest -->
